<?xml version="1.0" encoding="UTF-8"?>
<!-- Generated by org.testng.reporters.JUnitReportReporter -->
<testsuite hostname="IT1806226" failures="0" tests="2" name="test_TestNG.TestingOwnForm" time="1.548" errors="0" timestamp="2022-03-14T07:46:39 IST" skipped="0">
  <testcase classname="test_TestNG.TestingOwnForm" name="f" time="0.001"/>
  <system-out/>
  <testcase classname="test_TestNG.TestingOwnForm" name="Test" time="1.547"/>
  <system-out/>
</testsuite> <!-- test_TestNG.TestingOwnForm -->
