<?xml version="1.0" encoding="UTF-8"?>
<!-- Generated by org.testng.reporters.JUnitReportReporter -->
<testsuite hostname="DESKTOP-0ARP771" failures="0" tests="1" name="test.HotelAppLogin" time="8.325" errors="0" timestamp="2022-03-05T10:35:49 IST" skipped="0">
  <testcase classname="test.HotelAppLogin" name="Login" time="8.325"/>
  <system-out/>
</testsuite> <!-- test.HotelAppLogin -->
