<?xml version="1.0" encoding="UTF-8"?>
<!-- Generated by org.testng.reporters.JUnitReportReporter -->
<testsuite hostname="DESKTOP-0ARP771" failures="0" tests="2" name="test.NewTest" time="29.372" errors="0" timestamp="2022-03-02T15:12:06 IST" skipped="0">
  <testcase classname="test.NewTest" name="testHotelApp" time="11.543"/>
  <system-out/>
  <testcase classname="test.NewTest" name="f" time="17.829"/>
  <system-out/>
</testsuite> <!-- test.NewTest -->
