<?xml version="1.0" encoding="UTF-8"?>
<!-- Generated by org.testng.reporters.JUnitReportReporter -->
<testsuite hostname="DESKTOP-0ARP771" failures="0" tests="2" name="test.HotelAppLogin1" time="14.181" errors="0" timestamp="2022-03-05T10:48:19 IST" skipped="0">
  <testcase classname="test.HotelAppLogin1" name="test" time="6.318"/>
  <system-out/>
  <testcase classname="test.HotelAppLogin1" name="test" time="7.863"/>
  <system-out/>
</testsuite> <!-- test.HotelAppLogin1 -->
