<?xml version="1.0" encoding="UTF-8"?>
<!-- Generated by org.testng.reporters.JUnitReportReporter -->
<testsuite hostname="DESKTOP-0ARP771" failures="0" tests="2" name="tests.LoginTest" time="2.504" errors="0" timestamp="2022-03-03T12:39:12 IST" skipped="0">
  <testcase classname="tests.LoginTest" name="testHotelAppLogin" time="2.499"/>
  <system-out/>
  <testcase classname="tests.LoginTest" name="f" time="0.005"/>
  <system-out/>
</testsuite> <!-- tests.LoginTest -->
