<?xml version="1.0" encoding="UTF-8"?>
<!-- Generated by org.testng.reporters.JUnitReportReporter -->
<testsuite hostname="IT1806226" failures="0" tests="2" name="test.NewTest" time="33.815" errors="0" timestamp="2022-03-17T06:30:21 IST" skipped="0">
  <testcase classname="test.NewTest" name="testHotelApp" time="12.759"/>
  <system-out/>
  <testcase classname="test.NewTest" name="f" time="21.056"/>
  <system-out/>
</testsuite> <!-- test.NewTest -->
